SF:/Code/Chess/src/Chess.Game/BoardItems/Board.cs
FN:16,System.Void Chess.Game.Board::SetOpeningPosition()
FNDA:8,System.Void Chess.Game.Board::SetOpeningPosition()
DA:17,8
DA:18,8
DA:19,8
DA:20,8
DA:21,8
DA:22,8
DA:23,8
DA:24,8
DA:25,8
DA:27,8
DA:28,8
DA:29,8
DA:30,8
DA:31,8
DA:32,8
DA:33,8
DA:34,8
DA:36,8
DA:37,8
DA:38,8
DA:39,8
DA:40,8
DA:41,8
DA:42,8
DA:43,8
DA:45,8
DA:46,8
DA:47,8
DA:48,8
DA:49,8
DA:50,8
DA:51,8
DA:52,8
DA:53,8
FN:55,System.Collections.Generic.IEnumerable`1<Chess.Game.IBoardPiece> Chess.Game.Board::GetPiecesInCoordinates(System.Collections.Generic.IEnumerable`1<Chess.Game.Coordinate>)
FNDA:13,System.Collections.Generic.IEnumerable`1<Chess.Game.IBoardPiece> Chess.Game.Board::GetPiecesInCoordinates(System.Collections.Generic.IEnumerable`1<Chess.Game.Coordinate>)
DA:56,13
DA:57,13
DA:58,9
DA:59,22
DA:60,13
FN:62,System.Int32 Chess.Game.Board::get_XSize()
FNDA:109,System.Int32 Chess.Game.Board::get_XSize()
DA:63,109
FN:63,System.Int32 Chess.Game.Board::get_YSize()
FNDA:106,System.Int32 Chess.Game.Board::get_YSize()
DA:64,106
FN:66,Chess.Game.Cell Chess.Game.Board::GetCell(System.Int32,System.Int32)
FNDA:109,Chess.Game.Cell Chess.Game.Board::GetCell(System.Int32,System.Int32)
DA:67,109
DA:68,109
DA:69,3
DA:70,106
DA:71,109
BRDA:68,8,0,109
BRDA:68,12,0,106
BRDA:68,21,0,106
BRDA:68,8,1,3
BRDA:68,12,1,3
BRDA:68,21,1,3
BRDA:68,32,0,3
BRDA:68,32,1,106
FN:72,Chess.Game.Cell Chess.Game.Board::get_a1()
FNDA:42,Chess.Game.Cell Chess.Game.Board::get_a1()
DA:73,42
FN:73,Chess.Game.Cell Chess.Game.Board::get_b1()
FNDA:14,Chess.Game.Cell Chess.Game.Board::get_b1()
DA:74,14
FN:74,Chess.Game.Cell Chess.Game.Board::get_c1()
FNDA:11,Chess.Game.Cell Chess.Game.Board::get_c1()
DA:75,11
FN:75,Chess.Game.Cell Chess.Game.Board::get_d1()
FNDA:8,Chess.Game.Cell Chess.Game.Board::get_d1()
DA:76,8
FN:76,Chess.Game.Cell Chess.Game.Board::get_e1()
FNDA:18,Chess.Game.Cell Chess.Game.Board::get_e1()
DA:77,18
FN:77,Chess.Game.Cell Chess.Game.Board::get_f1()
FNDA:15,Chess.Game.Cell Chess.Game.Board::get_f1()
DA:78,15
FN:78,Chess.Game.Cell Chess.Game.Board::get_g1()
FNDA:8,Chess.Game.Cell Chess.Game.Board::get_g1()
DA:79,8
FN:79,Chess.Game.Cell Chess.Game.Board::get_h1()
FNDA:8,Chess.Game.Cell Chess.Game.Board::get_h1()
DA:80,8
FN:81,Chess.Game.Cell Chess.Game.Board::get_a2()
FNDA:30,Chess.Game.Cell Chess.Game.Board::get_a2()
DA:82,30
FN:82,Chess.Game.Cell Chess.Game.Board::get_b2()
FNDA:14,Chess.Game.Cell Chess.Game.Board::get_b2()
DA:83,14
FN:83,Chess.Game.Cell Chess.Game.Board::get_c2()
FNDA:14,Chess.Game.Cell Chess.Game.Board::get_c2()
DA:84,14
FN:84,Chess.Game.Cell Chess.Game.Board::get_d2()
FNDA:12,Chess.Game.Cell Chess.Game.Board::get_d2()
DA:85,12
FN:85,Chess.Game.Cell Chess.Game.Board::get_e2()
FNDA:10,Chess.Game.Cell Chess.Game.Board::get_e2()
DA:86,10
FN:86,Chess.Game.Cell Chess.Game.Board::get_f2()
FNDA:8,Chess.Game.Cell Chess.Game.Board::get_f2()
DA:87,8
FN:87,Chess.Game.Cell Chess.Game.Board::get_g2()
FNDA:8,Chess.Game.Cell Chess.Game.Board::get_g2()
DA:88,8
FN:88,Chess.Game.Cell Chess.Game.Board::get_h2()
FNDA:8,Chess.Game.Cell Chess.Game.Board::get_h2()
DA:89,8
FN:90,Chess.Game.Cell Chess.Game.Board::get_a3()
FNDA:16,Chess.Game.Cell Chess.Game.Board::get_a3()
DA:91,16
FN:91,Chess.Game.Cell Chess.Game.Board::get_b3()
FNDA:14,Chess.Game.Cell Chess.Game.Board::get_b3()
DA:92,14
FN:92,Chess.Game.Cell Chess.Game.Board::get_c3()
FNDA:10,Chess.Game.Cell Chess.Game.Board::get_c3()
DA:93,10
FN:93,Chess.Game.Cell Chess.Game.Board::get_d3()
FNDA:6,Chess.Game.Cell Chess.Game.Board::get_d3()
DA:94,6
FN:94,Chess.Game.Cell Chess.Game.Board::get_e3()
FNDA:3,Chess.Game.Cell Chess.Game.Board::get_e3()
DA:95,3
FN:95,Chess.Game.Cell Chess.Game.Board::get_f3()
FNDA:0,Chess.Game.Cell Chess.Game.Board::get_f3()
DA:96,0
FN:96,Chess.Game.Cell Chess.Game.Board::get_g3()
FNDA:0,Chess.Game.Cell Chess.Game.Board::get_g3()
DA:97,0
FN:97,Chess.Game.Cell Chess.Game.Board::get_h3()
FNDA:0,Chess.Game.Cell Chess.Game.Board::get_h3()
DA:98,0
FN:99,Chess.Game.Cell Chess.Game.Board::get_a4()
FNDA:17,Chess.Game.Cell Chess.Game.Board::get_a4()
DA:100,17
FN:100,Chess.Game.Cell Chess.Game.Board::get_b4()
FNDA:15,Chess.Game.Cell Chess.Game.Board::get_b4()
DA:101,15
FN:101,Chess.Game.Cell Chess.Game.Board::get_c4()
FNDA:91,Chess.Game.Cell Chess.Game.Board::get_c4()
DA:102,91
FN:102,Chess.Game.Cell Chess.Game.Board::get_d4()
FNDA:3,Chess.Game.Cell Chess.Game.Board::get_d4()
DA:103,3
FN:103,Chess.Game.Cell Chess.Game.Board::get_e4()
FNDA:0,Chess.Game.Cell Chess.Game.Board::get_e4()
DA:104,0
FN:104,Chess.Game.Cell Chess.Game.Board::get_f4()
FNDA:0,Chess.Game.Cell Chess.Game.Board::get_f4()
DA:105,0
FN:105,Chess.Game.Cell Chess.Game.Board::get_g4()
FNDA:0,Chess.Game.Cell Chess.Game.Board::get_g4()
DA:106,0
FN:106,Chess.Game.Cell Chess.Game.Board::get_h4()
FNDA:1,Chess.Game.Cell Chess.Game.Board::get_h4()
DA:107,1
FN:108,Chess.Game.Cell Chess.Game.Board::get_a5()
FNDA:22,Chess.Game.Cell Chess.Game.Board::get_a5()
DA:109,22
FN:109,Chess.Game.Cell Chess.Game.Board::get_b5()
FNDA:21,Chess.Game.Cell Chess.Game.Board::get_b5()
DA:110,21
FN:110,Chess.Game.Cell Chess.Game.Board::get_c5()
FNDA:18,Chess.Game.Cell Chess.Game.Board::get_c5()
DA:111,18
FN:111,Chess.Game.Cell Chess.Game.Board::get_d5()
FNDA:11,Chess.Game.Cell Chess.Game.Board::get_d5()
DA:112,11
FN:112,Chess.Game.Cell Chess.Game.Board::get_e5()
FNDA:4,Chess.Game.Cell Chess.Game.Board::get_e5()
DA:113,4
FN:113,Chess.Game.Cell Chess.Game.Board::get_f5()
FNDA:0,Chess.Game.Cell Chess.Game.Board::get_f5()
DA:114,0
FN:114,Chess.Game.Cell Chess.Game.Board::get_g5()
FNDA:0,Chess.Game.Cell Chess.Game.Board::get_g5()
DA:115,0
FN:115,Chess.Game.Cell Chess.Game.Board::get_h5()
FNDA:0,Chess.Game.Cell Chess.Game.Board::get_h5()
DA:116,0
FN:118,Chess.Game.Cell Chess.Game.Board::get_a6()
FNDA:13,Chess.Game.Cell Chess.Game.Board::get_a6()
DA:119,13
FN:119,Chess.Game.Cell Chess.Game.Board::get_b6()
FNDA:11,Chess.Game.Cell Chess.Game.Board::get_b6()
DA:120,11
FN:120,Chess.Game.Cell Chess.Game.Board::get_c6()
FNDA:5,Chess.Game.Cell Chess.Game.Board::get_c6()
DA:121,5
FN:121,Chess.Game.Cell Chess.Game.Board::get_d6()
FNDA:7,Chess.Game.Cell Chess.Game.Board::get_d6()
DA:122,7
FN:122,Chess.Game.Cell Chess.Game.Board::get_e6()
FNDA:2,Chess.Game.Cell Chess.Game.Board::get_e6()
DA:123,2
FN:123,Chess.Game.Cell Chess.Game.Board::get_f6()
FNDA:0,Chess.Game.Cell Chess.Game.Board::get_f6()
DA:124,0
FN:124,Chess.Game.Cell Chess.Game.Board::get_g6()
FNDA:0,Chess.Game.Cell Chess.Game.Board::get_g6()
DA:125,0
FN:125,Chess.Game.Cell Chess.Game.Board::get_h6()
FNDA:0,Chess.Game.Cell Chess.Game.Board::get_h6()
DA:126,0
FN:127,Chess.Game.Cell Chess.Game.Board::get_a7()
FNDA:14,Chess.Game.Cell Chess.Game.Board::get_a7()
DA:128,14
FN:128,Chess.Game.Cell Chess.Game.Board::get_b7()
FNDA:10,Chess.Game.Cell Chess.Game.Board::get_b7()
DA:129,10
FN:129,Chess.Game.Cell Chess.Game.Board::get_c7()
FNDA:14,Chess.Game.Cell Chess.Game.Board::get_c7()
DA:130,14
FN:130,Chess.Game.Cell Chess.Game.Board::get_d7()
FNDA:8,Chess.Game.Cell Chess.Game.Board::get_d7()
DA:131,8
FN:131,Chess.Game.Cell Chess.Game.Board::get_e7()
FNDA:9,Chess.Game.Cell Chess.Game.Board::get_e7()
DA:132,9
FN:132,Chess.Game.Cell Chess.Game.Board::get_f7()
FNDA:15,Chess.Game.Cell Chess.Game.Board::get_f7()
DA:133,15
FN:133,Chess.Game.Cell Chess.Game.Board::get_g7()
FNDA:8,Chess.Game.Cell Chess.Game.Board::get_g7()
DA:134,8
FN:134,Chess.Game.Cell Chess.Game.Board::get_h7()
FNDA:8,Chess.Game.Cell Chess.Game.Board::get_h7()
DA:135,8
FN:136,Chess.Game.Cell Chess.Game.Board::get_a8()
FNDA:8,Chess.Game.Cell Chess.Game.Board::get_a8()
DA:137,8
FN:137,Chess.Game.Cell Chess.Game.Board::get_b8()
FNDA:8,Chess.Game.Cell Chess.Game.Board::get_b8()
DA:138,8
FN:138,Chess.Game.Cell Chess.Game.Board::get_c8()
FNDA:9,Chess.Game.Cell Chess.Game.Board::get_c8()
DA:139,9
FN:139,Chess.Game.Cell Chess.Game.Board::get_d8()
FNDA:8,Chess.Game.Cell Chess.Game.Board::get_d8()
DA:140,8
FN:140,Chess.Game.Cell Chess.Game.Board::get_e8()
FNDA:8,Chess.Game.Cell Chess.Game.Board::get_e8()
DA:141,8
FN:141,Chess.Game.Cell Chess.Game.Board::get_f8()
FNDA:8,Chess.Game.Cell Chess.Game.Board::get_f8()
DA:142,8
FN:142,Chess.Game.Cell Chess.Game.Board::get_g8()
FNDA:8,Chess.Game.Cell Chess.Game.Board::get_g8()
DA:143,8
FN:143,Chess.Game.Cell Chess.Game.Board::get_h8()
FNDA:8,Chess.Game.Cell Chess.Game.Board::get_h8()
DA:144,8
FN:146,Chess.Game.Cell[0...,0...] Chess.Game.Board::CreateCells()
FNDA:189,Chess.Game.Cell[0...,0...] Chess.Game.Board::CreateCells()
DA:147,189
DA:148,189
DA:149,189
DA:150,189
DA:151,189
DA:152,189
DA:153,189
DA:154,189
DA:155,189
DA:156,189
DA:157,189
DA:158,189
DA:159,189
FN:9,System.Void Chess.Game.Board::.ctor(Chess.Game.Session)
FNDA:189,System.Void Chess.Game.Board::.ctor(Chess.Game.Session)
DA:10,189
DA:11,189
DA:12,189
DA:13,189
DA:14,189
LF:128
LH:116
BRF:8
BRH:8
FNF:71
FNH:59
end_of_record
SF:/Code/Chess/src/Chess.Game/BoardItems/Cell.cs
FN:10,System.Int32 Chess.Game.Cell::get_X()
FNDA:746,System.Int32 Chess.Game.Cell::get_X()
DA:11,746
FN:11,System.Int32 Chess.Game.Cell::get_Y()
FNDA:904,System.Int32 Chess.Game.Cell::get_Y()
DA:12,904
FN:12,Chess.Game.IBoardPiece Chess.Game.Cell::get_Piece()
FNDA:15071,Chess.Game.IBoardPiece Chess.Game.Cell::get_Piece()
DA:13,15071
FN:14,Chess.Game.Coordinate Chess.Game.Cell::get_Coordinate()
FNDA:1774,Chess.Game.Coordinate Chess.Game.Cell::get_Coordinate()
DA:15,1774
FN:16,System.Boolean Chess.Game.Cell::get_IsOccupied()
FNDA:272,System.Boolean Chess.Game.Cell::get_IsOccupied()
DA:17,272
FN:17,System.Boolean Chess.Game.Cell::get_IsEmpty()
FNDA:3,System.Boolean Chess.Game.Cell::get_IsEmpty()
DA:18,3
FN:20,System.Void Chess.Game.Cell::SetPiece(Chess.Game.IBoardPiece)
FNDA:551,System.Void Chess.Game.Cell::SetPiece(Chess.Game.IBoardPiece)
DA:21,551
DA:22,551
DA:23,551
DA:24,551
FN:26,System.Void Chess.Game.Cell::GoBack(Chess.Game.IBoardPiece)
FNDA:2,System.Void Chess.Game.Cell::GoBack(Chess.Game.IBoardPiece)
DA:27,2
DA:28,2
DA:29,2
DA:30,2
FN:32,Chess.Game.Move Chess.Game.Cell::Move(Chess.Game.Cell)
FNDA:170,Chess.Game.Move Chess.Game.Cell::Move(Chess.Game.Cell)
DA:33,170
DA:34,170
DA:35,160
DA:37,10
DA:38,10
DA:39,10
DA:40,10
DA:41,170
BRDA:34,19,0,160
BRDA:34,19,1,10
FN:43,System.Boolean Chess.Game.Cell::Equals(System.Object)
FNDA:61,System.Boolean Chess.Game.Cell::Equals(System.Object)
DA:44,61
DA:45,61
DA:46,1
DA:47,1
DA:50,60
DA:51,60
DA:52,61
BRDA:45,2,0,61
BRDA:45,2,1,0
BRDA:45,26,0,1
BRDA:45,26,1,60
FN:55,System.Int32 Chess.Game.Cell::GetHashCode()
FNDA:0,System.Int32 Chess.Game.Cell::GetHashCode()
DA:56,0
DA:57,0
DA:58,0
FN:60,System.String Chess.Game.Cell::ToString()
FNDA:0,System.String Chess.Game.Cell::ToString()
DA:61,0
DA:62,0
DA:63,0
FN:65,System.Void Chess.Game.Cell::MakeEmpty()
FNDA:10,System.Void Chess.Game.Cell::MakeEmpty()
DA:66,10
DA:67,10
DA:68,10
FN:4,System.Void Chess.Game.Cell::.ctor(Chess.Game.Coordinate)
FNDA:12305,System.Void Chess.Game.Cell::.ctor(Chess.Game.Coordinate)
DA:5,12305
DA:6,12305
DA:7,12305
DA:8,12305
DA:9,12305
LF:43
LH:37
BRF:6
BRH:5
FNF:14
FNH:12
end_of_record
SF:/Code/Chess/src/Chess.Game/BoardItems/CellHistory.cs
FN:6,System.Boolean Chess.Game.CellHistory::get_IsEmpty()
FNDA:2,System.Boolean Chess.Game.CellHistory::get_IsEmpty()
DA:7,2
FN:7,System.Boolean Chess.Game.CellHistory::get_IsFirstMove()
FNDA:2,System.Boolean Chess.Game.CellHistory::get_IsFirstMove()
DA:8,2
FN:10,System.Void Chess.Game.CellHistory::Push(Chess.Game.Cell)
FNDA:551,System.Void Chess.Game.CellHistory::Push(Chess.Game.Cell)
DA:11,551
DA:12,551
DA:13,551
FN:15,Chess.Game.Cell Chess.Game.CellHistory::Pop()
FNDA:2,Chess.Game.Cell Chess.Game.CellHistory::Pop()
DA:16,2
DA:17,2
DA:18,2
DA:19,0
DA:21,2
DA:22,2
DA:23,2
BRDA:18,16,0,0
BRDA:18,16,1,2
FN:25,Chess.Game.Cell Chess.Game.CellHistory::GetPrevious()
FNDA:1,Chess.Game.Cell Chess.Game.CellHistory::GetPrevious()
DA:26,1
DA:28,1
DA:29,0
DA:31,1
DA:32,0
DA:33,1
DA:34,1
BRDA:28,17,0,0
BRDA:28,17,1,1
BRDA:31,51,0,0
BRDA:31,51,1,1
FN:36,Chess.Game.Cell Chess.Game.CellHistory::GetLast()
FNDA:2,Chess.Game.Cell Chess.Game.CellHistory::GetLast()
DA:37,2
DA:38,2
DA:39,0
DA:41,2
DA:42,2
BRDA:38,17,0,0
BRDA:38,17,1,2
FN:44,Chess.Game.Cell Chess.Game.CellHistory::GetEmptyIfNotFound(System.Collections.Generic.LinkedListNode`1<Chess.Game.Cell>)
FNDA:2,Chess.Game.Cell Chess.Game.CellHistory::GetEmptyIfNotFound(System.Collections.Generic.LinkedListNode`1<Chess.Game.Cell>)
DA:45,2
DA:46,2
DA:48,2
BRDA:46,2,0,2
BRDA:46,2,1,0
FN:4,System.Void Chess.Game.CellHistory::.ctor()
FNDA:1064,System.Void Chess.Game.CellHistory::.ctor()
DA:5,1064
LF:28
LH:24
BRF:10
BRH:5
FNF:8
FNH:8
end_of_record
SF:/Code/Chess/src/Chess.Game/BoardItems/Coordinate.cs
FN:13,System.Int32 Chess.Game.Coordinate::get_X()
FNDA:755,System.Int32 Chess.Game.Coordinate::get_X()
DA:14,755
FN:14,System.Int32 Chess.Game.Coordinate::get_Y()
FNDA:913,System.Int32 Chess.Game.Coordinate::get_Y()
DA:15,913
FN:17,System.Void Chess.Game.Coordinate::ValidateCoordinate(System.Int32,System.String)
FNDA:24846,System.Void Chess.Game.Coordinate::ValidateCoordinate(System.Int32,System.String)
DA:18,24846
DA:19,24846
DA:20,0
DA:21,24846
BRDA:19,3,0,24846
BRDA:19,3,1,0
BRDA:19,14,0,0
BRDA:19,14,1,24846
FN:4,System.Void Chess.Game.Coordinate::.ctor(System.Int32,System.Int32)
FNDA:12424,System.Void Chess.Game.Coordinate::.ctor(System.Int32,System.Int32)
DA:5,12424
DA:6,12424
DA:7,12424
DA:8,12424
DA:10,12424
DA:11,12424
DA:12,12424
LF:13
LH:12
BRF:4
BRH:2
FNF:4
FNH:4
end_of_record
SF:/Code/Chess/src/Chess.Game/BoardItems/EmptyCell.cs
FN:11,Chess.Game.EmptyCell Chess.Game.EmptyCell::get_Cell()
FNDA:5,Chess.Game.EmptyCell Chess.Game.EmptyCell::get_Cell()
DA:12,5
FN:14,Chess.Game.Move Chess.Game.EmptyCell::Move(Chess.Game.Cell)
FNDA:0,Chess.Game.Move Chess.Game.EmptyCell::Move(Chess.Game.Cell)
DA:15,0
DA:16,0
DA:17,0
FN:7,System.Void Chess.Game.EmptyCell::.ctor()
FNDA:1,System.Void Chess.Game.EmptyCell::.ctor()
DA:8,1
DA:9,1
DA:10,1
FN:4,System.Void Chess.Game.EmptyCell::.cctor()
FNDA:1,System.Void Chess.Game.EmptyCell::.cctor()
DA:5,1
LF:8
LH:5
BRF:0
BRH:0
FNF:4
FNH:3
end_of_record
SF:/Code/Chess/src/Chess.Game/BoardItems/EmptyCoordinate.cs
FN:11,Chess.Game.EmptyCoordinate Chess.Game.EmptyCoordinate::get_Coordinate()
FNDA:1,Chess.Game.EmptyCoordinate Chess.Game.EmptyCoordinate::get_Coordinate()
DA:12,1
FN:14,System.Void Chess.Game.EmptyCoordinate::ValidateCoordinate(System.Int32,System.String)
FNDA:2,System.Void Chess.Game.EmptyCoordinate::ValidateCoordinate(System.Int32,System.String)
DA:15,2
DA:17,2
FN:7,System.Void Chess.Game.EmptyCoordinate::.ctor()
FNDA:1,System.Void Chess.Game.EmptyCoordinate::.ctor()
DA:8,1
DA:9,1
DA:10,1
FN:4,System.Void Chess.Game.EmptyCoordinate::.cctor()
FNDA:1,System.Void Chess.Game.EmptyCoordinate::.cctor()
DA:5,1
LF:7
LH:7
BRF:0
BRH:0
FNF:4
FNH:4
end_of_record
SF:/Code/Chess/src/Chess.Game/EmptyWinner.cs
FN:11,Chess.Game.EmptyWinner Chess.Game.EmptyWinner::get_Winner()
FNDA:2,Chess.Game.EmptyWinner Chess.Game.EmptyWinner::get_Winner()
DA:12,2
FN:6,System.Void Chess.Game.EmptyWinner::.ctor()
FNDA:1,System.Void Chess.Game.EmptyWinner::.ctor()
DA:7,1
DA:8,1
DA:10,1
FN:4,System.Void Chess.Game.EmptyWinner::.cctor()
FNDA:1,System.Void Chess.Game.EmptyWinner::.cctor()
DA:5,1
LF:5
LH:5
BRF:0
BRH:0
FNF:3
FNH:3
end_of_record
SF:/Code/Chess/src/Chess.Game/MoveHistory.cs
FN:9,System.Void Chess.Game.MoveHistory::Push(Chess.Game.Move)
FNDA:18,System.Void Chess.Game.MoveHistory::Push(Chess.Game.Move)
DA:10,18
DA:11,18
DA:12,18
FN:14,Chess.Game.Move Chess.Game.MoveHistory::Pop()
FNDA:1,Chess.Game.Move Chess.Game.MoveHistory::Pop()
DA:15,1
DA:16,1
DA:17,0
DA:19,1
DA:20,1
BRDA:16,17,0,0
BRDA:16,17,1,1
FN:22,System.Collections.Generic.IEnumerator`1<Chess.Game.Move> Chess.Game.MoveHistory::GetEnumerator()
FNDA:3,System.Collections.Generic.IEnumerator`1<Chess.Game.Move> Chess.Game.MoveHistory::GetEnumerator()
DA:23,3
DA:24,3
DA:25,3
FN:27,System.Collections.IEnumerator Chess.Game.MoveHistory::System.Collections.IEnumerable.GetEnumerator()
FNDA:0,System.Collections.IEnumerator Chess.Game.MoveHistory::System.Collections.IEnumerable.GetEnumerator()
DA:28,0
DA:29,0
DA:30,0
FN:31,Chess.Game.Move Chess.Game.MoveHistory::get_LastMove()
FNDA:209,Chess.Game.Move Chess.Game.MoveHistory::get_LastMove()
DA:32,209
BRDA:32,11,0,159
BRDA:32,11,1,50
FN:6,System.Void Chess.Game.MoveHistory::.ctor()
FNDA:218,System.Void Chess.Game.MoveHistory::.ctor()
DA:7,218
LF:16
LH:12
BRF:4
BRH:3
FNF:6
FNH:5
end_of_record
SF:/Code/Chess/src/Chess.Game/Moves/BlackForwardOnlyMoveStrategy.cs
FN:12,Chess.Game.MovePath Chess.Game.BlackForwardOnlyMoveStrategy::GetMovePath(Chess.Game.Move)
FNDA:56,Chess.Game.MovePath Chess.Game.BlackForwardOnlyMoveStrategy::GetMovePath(Chess.Game.Move)
DA:13,56
DA:14,56
DA:15,10
DA:17,46
DA:18,56
BRDA:14,30,0,10
BRDA:14,30,1,46
FN:6,System.Void Chess.Game.BlackForwardOnlyMoveStrategy::.ctor(Chess.Game.IMoveStrategy)
FNDA:172,System.Void Chess.Game.BlackForwardOnlyMoveStrategy::.ctor(Chess.Game.IMoveStrategy)
DA:7,172
DA:8,172
DA:9,172
DA:10,172
LF:9
LH:9
BRF:2
BRH:2
FNF:2
FNH:2
end_of_record
SF:/Code/Chess/src/Chess.Game/Moves/BlackTwoVerticalSquaresInitialMoveStrategy.cs
FN:12,Chess.Game.MovePath Chess.Game.BlackTwoVerticalSquaresInitialMoveStrategy::GetMovePath(Chess.Game.Move)
FNDA:59,Chess.Game.MovePath Chess.Game.BlackTwoVerticalSquaresInitialMoveStrategy::GetMovePath(Chess.Game.Move)
DA:13,59
DA:14,59
DA:15,36
DA:17,23
DA:18,59
BRDA:14,13,0,33
BRDA:14,13,1,26
BRDA:14,37,0,36
BRDA:14,37,1,23
FN:6,System.Void Chess.Game.BlackTwoVerticalSquaresInitialMoveStrategy::.ctor(Chess.Game.VerticalMoveStrategy)
FNDA:103,System.Void Chess.Game.BlackTwoVerticalSquaresInitialMoveStrategy::.ctor(Chess.Game.VerticalMoveStrategy)
DA:7,103
DA:8,103
DA:9,103
DA:10,103
LF:9
LH:9
BRF:4
BRH:4
FNF:2
FNH:2
end_of_record
SF:/Code/Chess/src/Chess.Game/Moves/CantMoveToTheSameCellStrategyDecorator.cs
FN:12,Chess.Game.MovePath Chess.Game.CantMoveToTheCurrentCellStrategyDecorator::GetMovePath(Chess.Game.Move)
FNDA:34,Chess.Game.MovePath Chess.Game.CantMoveToTheCurrentCellStrategyDecorator::GetMovePath(Chess.Game.Move)
DA:13,34
DA:14,34
DA:15,1
DA:17,33
DA:18,34
BRDA:14,23,0,23
BRDA:14,23,1,11
BRDA:14,54,0,1
BRDA:14,54,1,33
FN:6,System.Void Chess.Game.CantMoveToTheCurrentCellStrategyDecorator::.ctor(Chess.Game.IMoveStrategy)
FNDA:395,System.Void Chess.Game.CantMoveToTheCurrentCellStrategyDecorator::.ctor(Chess.Game.IMoveStrategy)
DA:7,395
DA:8,395
DA:9,395
DA:10,395
LF:9
LH:9
BRF:4
BRH:4
FNF:2
FNH:2
end_of_record
SF:/Code/Chess/src/Chess.Game/Moves/CompositeMoveStrategy.cs
FN:11,Chess.Game.MovePath Chess.Game.CompositeMoveStrategy::GetMovePath(Chess.Game.Move)
FNDA:33,Chess.Game.MovePath Chess.Game.CompositeMoveStrategy::GetMovePath(Chess.Game.Move)
DA:12,33
DA:13,33
DA:14,9
DA:16,24
DA:17,68
DA:18,33
BRDA:13,28,0,9
BRDA:13,28,1,24
FN:20,System.Boolean Chess.Game.CompositeMoveStrategy::NoneOfThePathsIsValid(Chess.Game.Move)
FNDA:33,System.Boolean Chess.Game.CompositeMoveStrategy::NoneOfThePathsIsValid(Chess.Game.Move)
DA:21,33
DA:22,33
DA:23,80
DA:24,113
DA:25,33
FN:6,System.Void Chess.Game.CompositeMoveStrategy::.ctor(System.Collections.Generic.IEnumerable`1<Chess.Game.IMoveStrategy>)
FNDA:346,System.Void Chess.Game.CompositeMoveStrategy::.ctor(System.Collections.Generic.IEnumerable`1<Chess.Game.IMoveStrategy>)
DA:7,346
DA:8,346
DA:9,346
DA:10,346
LF:15
LH:15
BRF:2
BRH:2
FNF:3
FNH:3
end_of_record
SF:/Code/Chess/src/Chess.Game/Moves/DiagonalMoveStrategy.cs
FN:5,Chess.Game.MovePath Chess.Game.DiagonalMoveStrategy::GetMovePath(Chess.Game.Move)
FNDA:23,Chess.Game.MovePath Chess.Game.DiagonalMoveStrategy::GetMovePath(Chess.Game.Move)
DA:6,23
DA:7,23
DA:8,1
DA:10,22
DA:12,23
BRDA:7,30,0,1
BRDA:7,30,1,22
FN:29,System.Int32 Chess.Game.DiagonalMoveStrategy::GetXDifference(Chess.Game.Move)
FNDA:39,System.Int32 Chess.Game.DiagonalMoveStrategy::GetXDifference(Chess.Game.Move)
DA:30,39
DA:31,39
DA:32,39
FN:34,System.Int32 Chess.Game.DiagonalMoveStrategy::GetYDifference(Chess.Game.Move)
FNDA:39,System.Int32 Chess.Game.DiagonalMoveStrategy::GetYDifference(Chess.Game.Move)
DA:35,39
DA:36,39
DA:37,39
FN:14,System.Boolean Chess.Game.DiagonalMoveStrategy/<GetDiagonalCoordinates>d__1::MoveNext()
FNDA:16,System.Boolean Chess.Game.DiagonalMoveStrategy/<GetDiagonalCoordinates>d__1::MoveNext()
DA:15,16
DA:16,16
DA:17,16
DA:18,16
DA:19,16
DA:20,16
DA:21,16
DA:23,56
DA:24,12
DA:25,12
DA:26,12
DA:27,16
BRDA:20,121,0,9
BRDA:20,121,1,7
BRDA:21,140,0,10
BRDA:21,140,1,6
BRDA:23,266,1,12
BRDA:23,266,0,16
LF:23
LH:23
BRF:8
BRH:8
FNF:4
FNH:4
end_of_record
SF:/Code/Chess/src/Chess.Game/Moves/EmptyMove.cs
FN:10,Chess.Game.EmptyMove Chess.Game.EmptyMove::get_Move()
FNDA:159,Chess.Game.EmptyMove Chess.Game.EmptyMove::get_Move()
DA:11,159
FN:6,System.Void Chess.Game.EmptyMove::.ctor()
FNDA:1,System.Void Chess.Game.EmptyMove::.ctor()
DA:7,1
DA:8,1
DA:9,1
FN:4,System.Void Chess.Game.EmptyMove::.cctor()
FNDA:1,System.Void Chess.Game.EmptyMove::.cctor()
DA:5,1
LF:5
LH:5
BRF:0
BRH:0
FNF:3
FNH:3
end_of_record
SF:/Code/Chess/src/Chess.Game/Moves/EmptyMoveStrategy.cs
FN:5,Chess.Game.MovePath Chess.Game.EmptyMoveStrategy::GetMovePath(Chess.Game.Move)
FNDA:0,Chess.Game.MovePath Chess.Game.EmptyMoveStrategy::GetMovePath(Chess.Game.Move)
DA:6,0
DA:7,0
DA:8,0
LF:3
LH:0
BRF:0
BRH:0
FNF:1
FNH:0
end_of_record
SF:/Code/Chess/src/Chess.Game/Moves/EnPassantMoveStrategy.cs
FN:13,Chess.Game.MovePath Chess.Game.EnPassantMoveStrategy::GetMovePath(Chess.Game.Move)
FNDA:29,Chess.Game.MovePath Chess.Game.EnPassantMoveStrategy::GetMovePath(Chess.Game.Move)
DA:14,29
DA:15,29
DA:16,29
DA:17,29
DA:18,29
DA:19,29
DA:20,29
DA:21,28
DA:22,28
DA:25,1
DA:26,29
BRDA:17,28,0,20
BRDA:17,38,0,20
BRDA:17,38,1,0
BRDA:17,28,1,9
BRDA:17,59,0,28
BRDA:17,59,1,1
FN:28,Chess.Game.Cell Chess.Game.EnPassantMoveStrategy::GetRightDiagonalPiece(Chess.Game.Move)
FNDA:29,Chess.Game.Cell Chess.Game.EnPassantMoveStrategy::GetRightDiagonalPiece(Chess.Game.Move)
DA:29,29
DA:30,29
DA:31,29
FN:33,Chess.Game.Cell Chess.Game.EnPassantMoveStrategy::GetLeftDiagonalCell(Chess.Game.Move)
FNDA:29,Chess.Game.Cell Chess.Game.EnPassantMoveStrategy::GetLeftDiagonalCell(Chess.Game.Move)
DA:34,29
DA:35,29
DA:36,29
FN:38,System.Boolean Chess.Game.EnPassantMoveStrategy::IsLeftMoveValid(Chess.Game.Move,Chess.Game.Cell)
FNDA:20,System.Boolean Chess.Game.EnPassantMoveStrategy::IsLeftMoveValid(Chess.Game.Move,Chess.Game.Cell)
DA:39,20
DA:40,20
DA:41,20
DA:42,20
DA:43,20
DA:44,20
DA:45,20
BRDA:41,26,0,4
BRDA:41,40,0,0
BRDA:41,53,0,0
BRDA:41,26,1,20
BRDA:41,40,1,20
BRDA:41,53,1,20
FN:47,System.Boolean Chess.Game.EnPassantMoveStrategy::IsLeftCellValid(Chess.Game.Cell)
FNDA:4,System.Boolean Chess.Game.EnPassantMoveStrategy::IsLeftCellValid(Chess.Game.Cell)
DA:48,4
DA:49,4
DA:50,4
DA:51,4
DA:52,4
DA:53,4
BRDA:50,15,0,3
BRDA:50,34,0,1
BRDA:50,15,1,3
BRDA:50,34,1,3
FN:55,Chess.Game.Cell Chess.Game.EnPassantMoveStrategy::GetLeftNeighbourCell(Chess.Game.Cell)
FNDA:24,Chess.Game.Cell Chess.Game.EnPassantMoveStrategy::GetLeftNeighbourCell(Chess.Game.Cell)
DA:56,24
DA:57,24
DA:58,24
FN:60,System.Boolean Chess.Game.EnPassantMoveStrategy::IsRightMoveValid(Chess.Game.Move,Chess.Game.Cell)
FNDA:20,System.Boolean Chess.Game.EnPassantMoveStrategy::IsRightMoveValid(Chess.Game.Move,Chess.Game.Cell)
DA:61,20
DA:62,20
DA:63,20
DA:64,20
DA:65,20
DA:66,20
DA:67,20
BRDA:63,26,0,7
BRDA:63,40,0,2
BRDA:63,53,0,1
BRDA:63,26,1,19
BRDA:63,40,1,19
BRDA:63,53,1,19
FN:69,System.Boolean Chess.Game.EnPassantMoveStrategy::IsRightCellValid(Chess.Game.Cell)
FNDA:7,System.Boolean Chess.Game.EnPassantMoveStrategy::IsRightCellValid(Chess.Game.Cell)
DA:70,7
DA:71,7
DA:72,7
DA:73,7
DA:74,7
DA:75,7
BRDA:72,15,0,4
BRDA:72,34,0,2
BRDA:72,15,1,5
BRDA:72,34,1,5
FN:77,Chess.Game.Cell Chess.Game.EnPassantMoveStrategy::GetRightNeighbourCell(Chess.Game.Cell)
FNDA:27,Chess.Game.Cell Chess.Game.EnPassantMoveStrategy::GetRightNeighbourCell(Chess.Game.Cell)
DA:78,27
DA:79,27
DA:80,27
FN:7,System.Void Chess.Game.EnPassantMoveStrategy::.ctor(Chess.Game.Board,Chess.Game.YDirection)
FNDA:189,System.Void Chess.Game.EnPassantMoveStrategy::.ctor(Chess.Game.Board,Chess.Game.YDirection)
DA:8,189
DA:9,189
DA:10,189
DA:11,189
DA:12,189
FN:84,System.Void Chess.Game.WhiteEnPassantMoveStrategy::.ctor(Chess.Game.Board)
FNDA:103,System.Void Chess.Game.WhiteEnPassantMoveStrategy::.ctor(Chess.Game.Board)
DA:85,103
DA:86,103
DA:87,103
FN:91,System.Void Chess.Game.BlackEnPassantMoveStrategy::.ctor(Chess.Game.Board)
FNDA:86,System.Void Chess.Game.BlackEnPassantMoveStrategy::.ctor(Chess.Game.Board)
DA:92,86
DA:93,86
DA:94,86
LF:60
LH:60
BRF:26
BRH:23
FNF:12
FNH:12
end_of_record
SF:/Code/Chess/src/Chess.Game/Moves/HorizontalMoveStrategy.cs
FN:5,Chess.Game.MovePath Chess.Game.HorizontalMoveStrategy::GetMovePath(Chess.Game.Move)
FNDA:12,Chess.Game.MovePath Chess.Game.HorizontalMoveStrategy::GetMovePath(Chess.Game.Move)
DA:6,12
DA:7,12
DA:8,4
DA:10,8
DA:11,12
BRDA:7,12,0,4
BRDA:7,12,1,8
FN:13,System.Boolean Chess.Game.HorizontalMoveStrategy/<GetHorizontalCoordinatesOnSameY>d__1::MoveNext()
FNDA:8,System.Boolean Chess.Game.HorizontalMoveStrategy/<GetHorizontalCoordinatesOnSameY>d__1::MoveNext()
DA:14,8
DA:19,50
DA:20,17
DA:21,17
DA:22,17
DA:23,8
BRDA:19,141,1,17
BRDA:19,141,0,8
LF:11
LH:11
BRF:4
BRH:4
FNF:2
FNH:2
end_of_record
SF:/Code/Chess/src/Chess.Game/Moves/InvalidMove.cs
FN:17,Chess.Game.InvalidMove Chess.Game.InvalidMove::get_Move()
FNDA:0,Chess.Game.InvalidMove Chess.Game.InvalidMove::get_Move()
DA:18,0
FN:7,System.Void Chess.Game.InvalidMove::.ctor(Chess.Game.Cell,Chess.Game.Cell)
FNDA:160,System.Void Chess.Game.InvalidMove::.ctor(Chess.Game.Cell,Chess.Game.Cell)
DA:8,160
DA:9,160
DA:10,160
FN:12,System.Void Chess.Game.InvalidMove::.ctor()
FNDA:0,System.Void Chess.Game.InvalidMove::.ctor()
DA:13,0
DA:14,0
DA:16,0
FN:4,System.Void Chess.Game.InvalidMove::.cctor()
FNDA:0,System.Void Chess.Game.InvalidMove::.cctor()
DA:5,0
LF:8
LH:3
BRF:0
BRH:0
FNF:4
FNH:1
end_of_record
SF:/Code/Chess/src/Chess.Game/Moves/LShapeMoveStrategy.cs
FN:5,Chess.Game.MovePath Chess.Game.LShapeMoveStrategy::GetMovePath(Chess.Game.Move)
FNDA:8,Chess.Game.MovePath Chess.Game.LShapeMoveStrategy::GetMovePath(Chess.Game.Move)
DA:6,8
DA:7,8
DA:8,8
DA:9,8
DA:10,8
DA:11,8
DA:12,8
DA:13,8
DA:14,8
DA:15,8
DA:16,8
DA:17,8
DA:18,8
DA:21,0
DA:22,8
BRDA:7,7,0,7
BRDA:7,15,0,6
BRDA:7,23,0,5
BRDA:7,31,0,4
BRDA:7,39,0,3
BRDA:7,47,0,2
BRDA:7,55,0,1
BRDA:7,7,1,7
BRDA:7,15,1,7
BRDA:7,23,1,7
BRDA:7,31,1,7
BRDA:7,39,1,7
BRDA:7,47,1,7
BRDA:7,55,1,7
BRDA:7,68,0,8
BRDA:7,68,1,0
FN:24,System.Boolean Chess.Game.LShapeMoveStrategy::TwoUpOneRight(Chess.Game.Move)
FNDA:8,System.Boolean Chess.Game.LShapeMoveStrategy::TwoUpOneRight(Chess.Game.Move)
DA:25,8
DA:26,8
DA:27,8
BRDA:26,25,0,2
BRDA:26,25,1,6
FN:29,System.Boolean Chess.Game.LShapeMoveStrategy::TwoUpOneLeft(Chess.Game.Move)
FNDA:7,System.Boolean Chess.Game.LShapeMoveStrategy::TwoUpOneLeft(Chess.Game.Move)
DA:30,7
DA:31,7
DA:32,7
BRDA:31,25,0,2
BRDA:31,25,1,5
FN:34,System.Boolean Chess.Game.LShapeMoveStrategy::OneUpTwoRight(Chess.Game.Move)
FNDA:6,System.Boolean Chess.Game.LShapeMoveStrategy::OneUpTwoRight(Chess.Game.Move)
DA:35,6
DA:36,6
DA:37,6
BRDA:36,25,0,2
BRDA:36,25,1,4
FN:39,System.Boolean Chess.Game.LShapeMoveStrategy::OneUpTwoLeft(Chess.Game.Move)
FNDA:5,System.Boolean Chess.Game.LShapeMoveStrategy::OneUpTwoLeft(Chess.Game.Move)
DA:40,5
DA:41,5
DA:42,5
BRDA:41,25,0,2
BRDA:41,25,1,3
FN:44,System.Boolean Chess.Game.LShapeMoveStrategy::TwoDownOneRight(Chess.Game.Move)
FNDA:4,System.Boolean Chess.Game.LShapeMoveStrategy::TwoDownOneRight(Chess.Game.Move)
DA:45,4
DA:46,4
DA:47,4
BRDA:46,25,0,1
BRDA:46,25,1,3
FN:49,System.Boolean Chess.Game.LShapeMoveStrategy::TwoDownOneLeft(Chess.Game.Move)
FNDA:3,System.Boolean Chess.Game.LShapeMoveStrategy::TwoDownOneLeft(Chess.Game.Move)
DA:50,3
DA:51,3
DA:52,3
BRDA:51,25,0,1
BRDA:51,25,1,2
FN:54,System.Boolean Chess.Game.LShapeMoveStrategy::OneDownTwoRight(Chess.Game.Move)
FNDA:2,System.Boolean Chess.Game.LShapeMoveStrategy::OneDownTwoRight(Chess.Game.Move)
DA:55,2
DA:56,2
DA:57,2
BRDA:56,25,0,1
BRDA:56,25,1,1
FN:59,System.Boolean Chess.Game.LShapeMoveStrategy::OneDownTwoLeft(Chess.Game.Move)
FNDA:1,System.Boolean Chess.Game.LShapeMoveStrategy::OneDownTwoLeft(Chess.Game.Move)
DA:60,1
DA:61,1
DA:62,1
BRDA:61,25,0,1
BRDA:61,25,1,0
LF:39
LH:38
BRF:32
BRH:30
FNF:9
FNH:9
end_of_record
SF:/Code/Chess/src/Chess.Game/Moves/Move.cs
FN:15,Chess.Game.Cell Chess.Game.Move::get_From()
FNDA:1957,Chess.Game.Cell Chess.Game.Move::get_From()
DA:16,1957
FN:16,Chess.Game.Cell Chess.Game.Move::get_To()
FNDA:1600,Chess.Game.Cell Chess.Game.Move::get_To()
DA:17,1600
FN:17,System.Boolean Chess.Game.Move::get_IsOnSameRow()
FNDA:50,System.Boolean Chess.Game.Move::get_IsOnSameRow()
DA:18,50
FN:18,System.Boolean Chess.Game.Move::get_IsOnSameColumn()
FNDA:112,System.Boolean Chess.Game.Move::get_IsOnSameColumn()
DA:19,112
FN:19,System.Int32 Chess.Game.Move::get_LowestColumn()
FNDA:8,System.Int32 Chess.Game.Move::get_LowestColumn()
DA:20,8
FN:20,System.Int32 Chess.Game.Move::get_HighestColumn()
FNDA:25,System.Int32 Chess.Game.Move::get_HighestColumn()
DA:21,25
FN:21,System.Int32 Chess.Game.Move::get_LowestRow()
FNDA:32,System.Int32 Chess.Game.Move::get_LowestRow()
DA:22,32
FN:22,System.Int32 Chess.Game.Move::get_HighestRow()
FNDA:64,System.Int32 Chess.Game.Move::get_HighestRow()
DA:23,64
FN:23,System.Boolean Chess.Game.Move::get_HasSameColor()
FNDA:13,System.Boolean Chess.Game.Move::get_HasSameColor()
DA:24,13
FN:24,System.Boolean Chess.Game.Move::get_IsValid()
FNDA:179,System.Boolean Chess.Game.Move::get_IsValid()
DA:25,179
FN:25,Chess.Game.Color Chess.Game.Move::get_Color()
FNDA:209,Chess.Game.Color Chess.Game.Move::get_Color()
DA:26,209
BRDA:26,11,0,173
BRDA:26,11,1,36
FN:28,Chess.Game.Move Chess.Game.Move::Go()
FNDA:149,Chess.Game.Move Chess.Game.Move::Go()
DA:29,149
DA:30,149
DA:31,149
DA:32,149
FN:34,System.Void Chess.Game.Move::GoBack()
FNDA:1,System.Void Chess.Game.Move::GoBack()
DA:35,1
DA:36,1
DA:37,1
DA:38,1
FN:7,System.Void Chess.Game.Move::.ctor(Chess.Game.Cell,Chess.Game.Cell)
FNDA:465,System.Void Chess.Game.Move::.ctor(Chess.Game.Cell,Chess.Game.Cell)
DA:8,465
DA:9,465
DA:10,465
DA:11,465
DA:12,465
DA:13,465
DA:14,465
LF:26
LH:26
BRF:2
BRH:2
FNF:14
FNH:14
end_of_record
SF:/Code/Chess/src/Chess.Game/Moves/MovePath.cs
FN:10,Chess.Game.Move Chess.Game.MovePath::get_Move()
FNDA:0,Chess.Game.Move Chess.Game.MovePath::get_Move()
DA:11,0
FN:11,System.Collections.Generic.IEnumerable`1<Chess.Game.Coordinate> Chess.Game.MovePath::get_CoordinatesInPath()
FNDA:102,System.Collections.Generic.IEnumerable`1<Chess.Game.Coordinate> Chess.Game.MovePath::get_CoordinatesInPath()
DA:12,102
FN:12,System.Boolean Chess.Game.MovePath::get_IsValid()
FNDA:155,System.Boolean Chess.Game.MovePath::get_IsValid()
DA:13,155
FN:4,System.Void Chess.Game.MovePath::.ctor(Chess.Game.Move,System.Collections.Generic.IEnumerable`1<Chess.Game.Coordinate>)
FNDA:257,System.Void Chess.Game.MovePath::.ctor(Chess.Game.Move,System.Collections.Generic.IEnumerable`1<Chess.Game.Coordinate>)
DA:5,257
DA:6,257
DA:7,257
DA:8,257
DA:9,257
FN:18,System.Void Chess.Game.InvalidMovePath::.ctor(Chess.Game.Move)
FNDA:135,System.Void Chess.Game.InvalidMovePath::.ctor(Chess.Game.Move)
DA:19,135
DA:20,135
DA:21,135
LF:11
LH:10
BRF:0
BRH:0
FNF:5
FNH:4
end_of_record
SF:/Code/Chess/src/Chess.Game/Moves/OneSquareMoveStrategy.cs
FN:12,Chess.Game.MovePath Chess.Game.OneSquareMoveStrategy::GetMovePath(Chess.Game.Move)
FNDA:49,Chess.Game.MovePath Chess.Game.OneSquareMoveStrategy::GetMovePath(Chess.Game.Move)
DA:13,49
DA:14,49
DA:15,11
DA:17,38
DA:18,49
BRDA:14,12,0,11
BRDA:14,12,1,38
FN:20,System.Boolean Chess.Game.OneSquareMoveStrategy::OneSquareInAnyDirection(Chess.Game.Move)
FNDA:49,System.Boolean Chess.Game.OneSquareMoveStrategy::OneSquareInAnyDirection(Chess.Game.Move)
DA:21,49
DA:22,49
DA:23,49
DA:24,49
DA:25,49
DA:26,49
BRDA:22,7,0,38
BRDA:22,15,0,36
BRDA:22,7,1,13
BRDA:22,15,1,13
FN:28,System.Boolean Chess.Game.OneSquareMoveStrategy::IsDiagonalOneSquare(Chess.Game.Move)
FNDA:36,System.Boolean Chess.Game.OneSquareMoveStrategy::IsDiagonalOneSquare(Chess.Game.Move)
DA:29,36
DA:30,36
DA:31,36
BRDA:30,28,0,27
BRDA:30,28,1,9
FN:33,System.Boolean Chess.Game.OneSquareMoveStrategy::IsHorizontalOneSquare(Chess.Game.Move)
FNDA:38,System.Boolean Chess.Game.OneSquareMoveStrategy::IsHorizontalOneSquare(Chess.Game.Move)
DA:34,38
DA:35,38
DA:36,38
BRDA:35,7,0,4
BRDA:35,7,1,34
FN:38,System.Boolean Chess.Game.OneSquareMoveStrategy::IsVerticalOneSquare(Chess.Game.Move)
FNDA:49,System.Boolean Chess.Game.OneSquareMoveStrategy::IsVerticalOneSquare(Chess.Game.Move)
DA:39,49
DA:40,49
DA:41,49
BRDA:40,7,0,18
BRDA:40,7,1,31
FN:43,System.Boolean Chess.Game.OneSquareMoveStrategy::CoordinateDiffIsOneSquare(System.Int32,System.Int32)
FNDA:85,System.Boolean Chess.Game.OneSquareMoveStrategy::CoordinateDiffIsOneSquare(System.Int32,System.Int32)
DA:44,85
DA:45,85
DA:46,85
FN:6,System.Void Chess.Game.OneSquareMoveStrategy::.ctor(Chess.Game.IMoveStrategy)
FNDA:421,System.Void Chess.Game.OneSquareMoveStrategy::.ctor(Chess.Game.IMoveStrategy)
DA:7,421
DA:8,421
DA:9,421
DA:10,421
LF:27
LH:27
BRF:12
BRH:12
FNF:7
FNH:7
end_of_record
SF:/Code/Chess/src/Chess.Game/Moves/OnlyAttackMoveStrategy.cs
FN:12,Chess.Game.MovePath Chess.Game.OnlyAttackMoveStrategy::GetMovePath(Chess.Game.Move)
FNDA:23,Chess.Game.MovePath Chess.Game.OnlyAttackMoveStrategy::GetMovePath(Chess.Game.Move)
DA:13,23
DA:14,23
DA:15,13
DA:17,10
DA:18,23
BRDA:14,12,0,13
BRDA:14,12,1,10
BRDA:14,25,0,13
BRDA:14,25,1,10
FN:6,System.Void Chess.Game.OnlyAttackMoveStrategy::.ctor(Chess.Game.IMoveStrategy)
FNDA:182,System.Void Chess.Game.OnlyAttackMoveStrategy::.ctor(Chess.Game.IMoveStrategy)
DA:7,182
DA:8,182
DA:9,182
DA:10,182
LF:9
LH:9
BRF:4
BRH:4
FNF:2
FNH:2
end_of_record
SF:/Code/Chess/src/Chess.Game/Moves/VerticalMoveStrategy.cs
FN:5,Chess.Game.MovePath Chess.Game.VerticalMoveStrategy::GetMovePath(Chess.Game.Move)
FNDA:63,Chess.Game.MovePath Chess.Game.VerticalMoveStrategy::GetMovePath(Chess.Game.Move)
DA:6,63
DA:7,63
DA:8,13
DA:10,50
DA:11,63
BRDA:7,12,0,13
BRDA:7,12,1,50
FN:13,System.Boolean Chess.Game.VerticalMoveStrategy/<GetVerticalCoordinatesOnSameX>d__1::MoveNext()
FNDA:32,System.Boolean Chess.Game.VerticalMoveStrategy/<GetVerticalCoordinatesOnSameX>d__1::MoveNext()
DA:14,32
DA:15,128
DA:16,33
DA:17,33
DA:18,32
DA:19,31
BRDA:15,141,1,33
BRDA:15,141,0,31
LF:11
LH:11
BRF:4
BRH:4
FNF:2
FNH:2
end_of_record
SF:/Code/Chess/src/Chess.Game/Moves/WhiteForwardOnlyMoveStrategy.cs
FN:12,Chess.Game.MovePath Chess.Game.WhiteForwardOnlyMoveStrategy::GetMovePath(Chess.Game.Move)
FNDA:0,Chess.Game.MovePath Chess.Game.WhiteForwardOnlyMoveStrategy::GetMovePath(Chess.Game.Move)
DA:13,0
DA:14,0
DA:15,0
DA:17,0
DA:18,0
BRDA:14,30,0,0
BRDA:14,30,1,0
FN:6,System.Void Chess.Game.WhiteForwardOnlyMoveStrategy::.ctor(Chess.Game.IMoveStrategy)
FNDA:186,System.Void Chess.Game.WhiteForwardOnlyMoveStrategy::.ctor(Chess.Game.IMoveStrategy)
DA:7,186
DA:8,186
DA:9,186
DA:10,186
LF:9
LH:4
BRF:2
BRH:0
FNF:2
FNH:1
end_of_record
SF:/Code/Chess/src/Chess.Game/Moves/WhiteTwoVerticalSquaresInitialMoveStrategy.cs
FN:12,Chess.Game.MovePath Chess.Game.WhiteTwoVerticalSquaresInitialMoveStrategy::GetMovePath(Chess.Game.Move)
FNDA:17,Chess.Game.MovePath Chess.Game.WhiteTwoVerticalSquaresInitialMoveStrategy::GetMovePath(Chess.Game.Move)
DA:13,17
DA:14,17
DA:15,9
DA:17,8
DA:18,17
BRDA:14,13,0,9
BRDA:14,13,1,8
BRDA:14,37,0,9
BRDA:14,37,1,8
FN:6,System.Void Chess.Game.WhiteTwoVerticalSquaresInitialMoveStrategy::.ctor(Chess.Game.VerticalMoveStrategy)
FNDA:110,System.Void Chess.Game.WhiteTwoVerticalSquaresInitialMoveStrategy::.ctor(Chess.Game.VerticalMoveStrategy)
DA:7,110
DA:8,110
DA:9,110
DA:10,110
LF:9
LH:9
BRF:4
BRH:4
FNF:2
FNH:2
end_of_record
SF:/Code/Chess/src/Chess.Game/Moves/YDirection.cs
FN:14,System.Int32 Chess.Game.YDirection::GetYCoordinate(System.Int32)
FNDA:58,System.Int32 Chess.Game.YDirection::GetYCoordinate(System.Int32)
DA:15,58
FN:6,System.Void Chess.Game.YDirection::.ctor(System.Int32)
FNDA:189,System.Void Chess.Game.YDirection::.ctor(System.Int32)
DA:7,189
DA:8,189
DA:9,189
DA:10,0
DA:12,189
DA:13,189
BRDA:9,10,0,86
BRDA:9,10,1,103
BRDA:9,24,0,0
BRDA:9,24,1,189
FN:20,System.Void Chess.Game.BlackYDirection::.ctor()
FNDA:86,System.Void Chess.Game.BlackYDirection::.ctor()
DA:21,86
DA:22,86
DA:23,86
FN:27,System.Void Chess.Game.WhiteYDirection::.ctor()
FNDA:103,System.Void Chess.Game.WhiteYDirection::.ctor()
DA:28,103
DA:29,103
DA:30,103
LF:13
LH:12
BRF:4
BRH:3
FNF:4
FNH:4
end_of_record
SF:/Code/Chess/src/Chess.Game/OnMoveEvent.cs
FN:7,System.Void Chess.Game.OnMoveEvent::Invoke(Chess.Game.Move)
FNDA:18,System.Void Chess.Game.OnMoveEvent::Invoke(Chess.Game.Move)
DA:8,18
DA:9,18
DA:10,18
DA:12,0
DA:13,18
BRDA:9,12,1,0
BRDA:9,12,0,18
LF:5
LH:4
BRF:2
BRH:1
FNF:1
FNH:1
end_of_record
SF:/Code/Chess/src/Chess.Game/OnPlayersReadyEvent.cs
FN:7,System.Void Chess.Game.OnPlayersReadyEvent::Invoke(Chess.Game.SessionPlayers)
FNDA:3,System.Void Chess.Game.OnPlayersReadyEvent::Invoke(Chess.Game.SessionPlayers)
DA:8,3
DA:9,3
DA:10,2
DA:12,1
DA:13,3
BRDA:9,12,1,1
BRDA:9,12,0,3
LF:5
LH:5
BRF:2
BRH:2
FNF:1
FNH:1
end_of_record
SF:/Code/Chess/src/Chess.Game/OnPlayersRegisteredEvent.cs
FN:7,System.Void Chess.Game.OnPlayersRegisteredEvent::Invoke(Chess.Game.SessionPlayerRegistrar)
FNDA:221,System.Void Chess.Game.OnPlayersRegisteredEvent::Invoke(Chess.Game.SessionPlayerRegistrar)
DA:8,221
DA:9,221
DA:10,220
DA:12,1
DA:13,221
BRDA:9,12,1,1
BRDA:9,12,0,221
LF:5
LH:5
BRF:2
BRH:2
FNF:1
FNH:1
end_of_record
SF:/Code/Chess/src/Chess.Game/Pieces/Bishop.cs
FN:5,System.Void Chess.Game.Bishop::.ctor()
FNDA:48,System.Void Chess.Game.Bishop::.ctor()
DA:6,48
DA:7,48
DA:9,48
LF:3
LH:3
BRF:0
BRH:0
FNF:1
FNH:1
end_of_record
SF:/Code/Chess/src/Chess.Game/Pieces/BlackPieceDecorator.cs
FN:9,Chess.Game.Color Chess.Game.BlackPieceDecorator::get_Color()
FNDA:57,Chess.Game.Color Chess.Game.BlackPieceDecorator::get_Color()
DA:10,57
FN:5,System.Void Chess.Game.BlackPieceDecorator::.ctor(Chess.Game.Piece,Chess.Game.Session,Chess.Game.Board,Chess.Game.CellHistory)
FNDA:187,System.Void Chess.Game.BlackPieceDecorator::.ctor(Chess.Game.Piece,Chess.Game.Session,Chess.Game.Board,Chess.Game.CellHistory)
DA:6,187
DA:7,187
DA:8,187
LF:4
LH:4
BRF:0
BRH:0
FNF:2
FNH:2
end_of_record
SF:/Code/Chess/src/Chess.Game/Pieces/BoardPieceDecorator.cs
FN:19,System.Type Chess.Game.BoardPieceDecorator::get_PieceType()
FNDA:3,System.Type Chess.Game.BoardPieceDecorator::get_PieceType()
DA:20,3
FN:21,System.Boolean Chess.Game.BoardPieceDecorator::get_IsEmpty()
FNDA:281,System.Boolean Chess.Game.BoardPieceDecorator::get_IsEmpty()
DA:22,281
FN:23,System.Boolean Chess.Game.BoardPieceDecorator::HasSameColor(Chess.Game.IBoardPiece)
FNDA:31,System.Boolean Chess.Game.BoardPieceDecorator::HasSameColor(Chess.Game.IBoardPiece)
DA:24,31
FN:26,System.Boolean Chess.Game.BoardPieceDecorator::CanMove(Chess.Game.Cell,Chess.Game.Cell)
FNDA:170,System.Boolean Chess.Game.BoardPieceDecorator::CanMove(Chess.Game.Cell,Chess.Game.Cell)
DA:27,170
DA:28,170
DA:29,170
DA:30,170
DA:31,170
DA:32,170
DA:33,170
DA:34,170
BRDA:28,7,0,21
BRDA:28,16,0,21
BRDA:28,41,0,12
BRDA:28,51,0,11
BRDA:28,7,1,159
BRDA:28,16,1,159
BRDA:28,41,1,159
BRDA:28,51,1,159
FN:36,System.Void Chess.Game.BoardPieceDecorator::RecordCurrentCellInHistory(Chess.Game.Cell)
FNDA:551,System.Void Chess.Game.BoardPieceDecorator::RecordCurrentCellInHistory(Chess.Game.Cell)
DA:37,551
DA:38,551
DA:39,551
FN:41,Chess.Game.Cell Chess.Game.BoardPieceDecorator::PopLastCellFromHistory()
FNDA:2,Chess.Game.Cell Chess.Game.BoardPieceDecorator::PopLastCellFromHistory()
DA:42,2
DA:43,2
DA:44,0
DA:46,2
DA:47,2
BRDA:43,14,0,0
BRDA:43,14,1,2
FN:48,System.Boolean Chess.Game.BoardPieceDecorator::get_IsFirstMove()
FNDA:2,System.Boolean Chess.Game.BoardPieceDecorator::get_IsFirstMove()
DA:49,2
FN:49,Chess.Game.Cell Chess.Game.BoardPieceDecorator::get_PreviousCell()
FNDA:1,Chess.Game.Cell Chess.Game.BoardPieceDecorator::get_PreviousCell()
DA:50,1
FN:52,System.Boolean Chess.Game.BoardPieceDecorator::ThereArentAnyBlockingPiecesInBetween(Chess.Game.Cell,Chess.Game.Cell)
FNDA:12,System.Boolean Chess.Game.BoardPieceDecorator::ThereArentAnyBlockingPiecesInBetween(Chess.Game.Cell,Chess.Game.Cell)
DA:53,12
DA:54,12
DA:55,12
DA:56,12
DA:57,12
FN:58,System.Boolean Chess.Game.BoardPieceDecorator::get_IsTurnToPlay()
FNDA:170,System.Boolean Chess.Game.BoardPieceDecorator::get_IsTurnToPlay()
DA:59,170
FN:7,System.Void Chess.Game.BoardPieceDecorator::.ctor(Chess.Game.Piece,Chess.Game.Session,Chess.Game.Board,Chess.Game.CellHistory)
FNDA:532,System.Void Chess.Game.BoardPieceDecorator::.ctor(Chess.Game.Piece,Chess.Game.Session,Chess.Game.Board,Chess.Game.CellHistory)
DA:8,532
DA:10,532
DA:11,532
DA:12,532
DA:13,532
DA:14,532
DA:15,532
DA:16,532
DA:17,532
LF:36
LH:35
BRF:10
BRH:9
FNF:11
FNH:11
end_of_record
SF:/Code/Chess/src/Chess.Game/Pieces/EmptyBoardPiece.cs
FN:12,Chess.Game.EmptyBoardPiece Chess.Game.EmptyBoardPiece::get_Piece()
FNDA:12316,Chess.Game.EmptyBoardPiece Chess.Game.EmptyBoardPiece::get_Piece()
DA:13,12316
FN:14,Chess.Game.Color Chess.Game.EmptyBoardPiece::get_Color()
FNDA:170,Chess.Game.Color Chess.Game.EmptyBoardPiece::get_Color()
DA:15,170
FN:8,System.Void Chess.Game.EmptyBoardPiece::.ctor()
FNDA:1,System.Void Chess.Game.EmptyBoardPiece::.ctor()
DA:9,1
DA:10,1
DA:11,1
FN:4,System.Void Chess.Game.EmptyBoardPiece::.cctor()
FNDA:1,System.Void Chess.Game.EmptyBoardPiece::.cctor()
DA:5,1
DA:6,1
LF:7
LH:7
BRF:0
BRH:0
FNF:4
FNH:4
end_of_record
SF:/Code/Chess/src/Chess.Game/Pieces/EmptyPiece.cs
FN:12,Chess.Game.EmptyPiece Chess.Game.EmptyPiece::get_Piece()
FNDA:1,Chess.Game.EmptyPiece Chess.Game.EmptyPiece::get_Piece()
DA:13,1
FN:8,System.Void Chess.Game.EmptyPiece::.ctor()
FNDA:1,System.Void Chess.Game.EmptyPiece::.ctor()
DA:9,1
DA:10,1
DA:11,1
FN:4,System.Void Chess.Game.EmptyPiece::.cctor()
FNDA:1,System.Void Chess.Game.EmptyPiece::.cctor()
DA:5,1
DA:6,1
LF:6
LH:6
BRF:0
BRH:0
FNF:3
FNH:3
end_of_record
SF:/Code/Chess/src/Chess.Game/Pieces/King.cs
FN:5,System.Void Chess.Game.King::.ctor()
FNDA:49,System.Void Chess.Game.King::.ctor()
DA:6,49
DA:7,49
DA:8,49
DA:9,49
DA:10,49
DA:11,49
DA:13,49
LF:7
LH:7
BRF:0
BRH:0
FNF:1
FNH:1
end_of_record
SF:/Code/Chess/src/Chess.Game/Pieces/Knight.cs
FN:5,System.Void Chess.Game.Knight::.ctor()
FNDA:137,System.Void Chess.Game.Knight::.ctor()
DA:6,137
DA:7,137
DA:9,137
LF:3
LH:3
BRF:0
BRH:0
FNF:1
FNH:1
end_of_record
SF:/Code/Chess/src/Chess.Game/Pieces/Pawn.cs
FN:5,System.Void Chess.Game.Pawn::.ctor(Chess.Game.IMoveStrategy)
FNDA:179,System.Void Chess.Game.Pawn::.ctor(Chess.Game.IMoveStrategy)
DA:6,179
DA:7,179
DA:9,179
FN:16,System.Void Chess.Game.WhitePawn::.ctor(Chess.Game.Board)
FNDA:93,System.Void Chess.Game.WhitePawn::.ctor(Chess.Game.Board)
DA:17,93
DA:18,93
DA:19,93
DA:20,93
DA:21,93
DA:22,93
DA:23,93
DA:24,93
DA:25,93
DA:26,93
DA:27,93
DA:28,93
DA:29,93
DA:30,93
DA:31,93
DA:33,93
FN:39,System.Void Chess.Game.BlackPawn::.ctor(Chess.Game.Board)
FNDA:86,System.Void Chess.Game.BlackPawn::.ctor(Chess.Game.Board)
DA:40,86
DA:41,86
DA:42,86
DA:43,86
DA:44,86
DA:45,86
DA:46,86
DA:47,86
DA:48,86
DA:49,86
DA:50,86
DA:51,86
DA:52,86
DA:53,86
DA:54,86
DA:56,86
LF:35
LH:35
BRF:0
BRH:0
FNF:3
FNH:3
end_of_record
SF:/Code/Chess/src/Chess.Game/Pieces/Piece.cs
FN:12,Chess.Game.MovePath Chess.Game.Piece::GetMovePath(Chess.Game.Move)
FNDA:33,Chess.Game.MovePath Chess.Game.Piece::GetMovePath(Chess.Game.Move)
DA:13,33
DA:14,33
DA:15,33
FN:6,System.Void Chess.Game.Piece::.ctor(Chess.Game.IMoveStrategy)
FNDA:532,System.Void Chess.Game.Piece::.ctor(Chess.Game.IMoveStrategy)
DA:7,532
DA:8,532
DA:9,532
DA:10,532
LF:7
LH:7
BRF:0
BRH:0
FNF:2
FNH:2
end_of_record
SF:/Code/Chess/src/Chess.Game/Pieces/Queen.cs
FN:5,System.Void Chess.Game.Queen::.ctor()
FNDA:43,System.Void Chess.Game.Queen::.ctor()
DA:6,43
DA:7,43
DA:8,43
DA:10,43
LF:4
LH:4
BRF:0
BRH:0
FNF:1
FNH:1
end_of_record
SF:/Code/Chess/src/Chess.Game/Pieces/Rook.cs
FN:5,System.Void Chess.Game.Rook::.ctor()
FNDA:75,System.Void Chess.Game.Rook::.ctor()
DA:6,75
DA:7,75
DA:8,75
DA:10,75
LF:4
LH:4
BRF:0
BRH:0
FNF:1
FNH:1
end_of_record
SF:/Code/Chess/src/Chess.Game/Pieces/WhitePieceDecorator.cs
FN:9,Chess.Game.Color Chess.Game.WhitePieceDecorator::get_Color()
FNDA:197,Chess.Game.Color Chess.Game.WhitePieceDecorator::get_Color()
DA:10,197
FN:5,System.Void Chess.Game.WhitePieceDecorator::.ctor(Chess.Game.Piece,Chess.Game.Session,Chess.Game.Board,Chess.Game.CellHistory)
FNDA:322,System.Void Chess.Game.WhitePieceDecorator::.ctor(Chess.Game.Piece,Chess.Game.Session,Chess.Game.Board,Chess.Game.CellHistory)
DA:6,322
DA:7,322
DA:8,322
LF:4
LH:4
BRF:0
BRH:0
FNF:2
FNH:2
end_of_record
SF:/Code/Chess/src/Chess.Game/Players/BlackPlayer.cs
FN:9,System.Boolean Chess.Game.BlackPlayer::get_IsEmpty()
FNDA:233,System.Boolean Chess.Game.BlackPlayer::get_IsEmpty()
DA:10,233
FN:5,System.Void Chess.Game.BlackPlayer::.ctor(Chess.Game.IClock,System.String)
FNDA:224,System.Void Chess.Game.BlackPlayer::.ctor(Chess.Game.IClock,System.String)
DA:6,224
DA:7,224
DA:8,224
FN:21,Chess.Game.EmptyBlackPlayer Chess.Game.EmptyBlackPlayer::get_BlackPlayer()
FNDA:444,Chess.Game.EmptyBlackPlayer Chess.Game.EmptyBlackPlayer::get_BlackPlayer()
DA:22,444
FN:22,System.Boolean Chess.Game.EmptyBlackPlayer::get_IsReady()
FNDA:0,System.Boolean Chess.Game.EmptyBlackPlayer::get_IsReady()
DA:23,0
FN:17,System.Void Chess.Game.EmptyBlackPlayer::.ctor()
FNDA:1,System.Void Chess.Game.EmptyBlackPlayer::.ctor()
DA:18,1
DA:19,1
DA:20,1
FN:14,System.Void Chess.Game.EmptyBlackPlayer::.cctor()
FNDA:1,System.Void Chess.Game.EmptyBlackPlayer::.cctor()
DA:15,1
LF:10
LH:9
BRF:0
BRH:0
FNF:6
FNH:5
end_of_record
SF:/Code/Chess/src/Chess.Game/Players/Clock.cs
FN:14,System.Void Chess.Game.Clock::Start()
FNDA:33,System.Void Chess.Game.Clock::Start()
DA:15,33
DA:16,33
DA:17,33
DA:18,33
DA:19,33
FN:21,System.Void Chess.Game.Clock::Stop()
FNDA:19,System.Void Chess.Game.Clock::Stop()
DA:22,19
DA:23,19
DA:24,19
DA:25,19
DA:26,19
FN:28,System.Void Chess.Game.Clock::Dispose()
FNDA:12,System.Void Chess.Game.Clock::Dispose()
DA:29,12
DA:30,12
DA:31,12
FN:32,System.Boolean Chess.Game.Clock::get_Ticking()
FNDA:57,System.Boolean Chess.Game.Clock::get_Ticking()
DA:33,57
FN:34,System.TimeSpan Chess.Game.Clock::get_ElapsedTime()
FNDA:0,System.TimeSpan Chess.Game.Clock::get_ElapsedTime()
DA:35,0
FN:6,System.Void Chess.Game.Clock::.ctor(Chess.Game.ITimer)
FNDA:444,System.Void Chess.Game.Clock::.ctor(Chess.Game.ITimer)
DA:7,444
DA:9,444
DA:10,444
DA:11,444
DA:12,444
LF:20
LH:19
BRF:0
BRH:0
FNF:6
FNH:5
end_of_record
SF:/Code/Chess/src/Chess.Game/Players/EmptyClock.cs
FN:4,System.Int32 Chess.Game.EmptyClock::get_SecondsUsed()
FNDA:0,System.Int32 Chess.Game.EmptyClock::get_SecondsUsed()
DA:5,0
FN:6,System.TimeSpan Chess.Game.EmptyClock::get_ElapsedTime()
FNDA:0,System.TimeSpan Chess.Game.EmptyClock::get_ElapsedTime()
DA:7,0
FN:9,System.Void Chess.Game.EmptyClock::Start()
FNDA:0,System.Void Chess.Game.EmptyClock::Start()
DA:10,0
DA:12,0
FN:14,System.Void Chess.Game.EmptyClock::Stop()
FNDA:0,System.Void Chess.Game.EmptyClock::Stop()
DA:15,0
DA:17,0
FN:19,System.Void Chess.Game.EmptyClock::Dispose()
FNDA:0,System.Void Chess.Game.EmptyClock::Dispose()
DA:20,0
DA:22,0
LF:8
LH:0
BRF:0
BRH:0
FNF:5
FNH:0
end_of_record
SF:/Code/Chess/src/Chess.Game/Players/EmptyPlayer.cs
FN:11,Chess.Game.EmptyPlayer Chess.Game.EmptyPlayer::get_Player()
FNDA:2,Chess.Game.EmptyPlayer Chess.Game.EmptyPlayer::get_Player()
DA:12,2
FN:13,System.Boolean Chess.Game.EmptyPlayer::get_IsReady()
FNDA:0,System.Boolean Chess.Game.EmptyPlayer::get_IsReady()
DA:14,0
FN:7,System.Void Chess.Game.EmptyPlayer::.ctor()
FNDA:1,System.Void Chess.Game.EmptyPlayer::.ctor()
DA:8,1
DA:9,1
DA:10,1
FN:4,System.Void Chess.Game.EmptyPlayer::.cctor()
FNDA:1,System.Void Chess.Game.EmptyPlayer::.cctor()
DA:5,1
LF:6
LH:5
BRF:0
BRH:0
FNF:4
FNH:3
end_of_record
SF:/Code/Chess/src/Chess.Game/Players/Player.cs
FN:13,Chess.Game.Color Chess.Game.Player::get_Color()
FNDA:171,Chess.Game.Color Chess.Game.Player::get_Color()
DA:14,171
FN:14,System.String Chess.Game.Player::get_Name()
FNDA:2,System.String Chess.Game.Player::get_Name()
DA:15,2
FN:16,System.Boolean Chess.Game.Player::get_IsReady()
FNDA:26,System.Boolean Chess.Game.Player::get_IsReady()
DA:17,26
FN:19,System.Void Chess.Game.Player::ResumePlaying()
FNDA:33,System.Void Chess.Game.Player::ResumePlaying()
DA:20,33
DA:21,33
DA:22,33
FN:24,System.Void Chess.Game.Player::Wait()
FNDA:19,System.Void Chess.Game.Player::Wait()
DA:25,19
DA:26,19
DA:27,19
FN:29,System.Void Chess.Game.Player::SetReady()
FNDA:8,System.Void Chess.Game.Player::SetReady()
DA:30,8
DA:31,8
DA:32,8
FN:6,System.Void Chess.Game.Player::.ctor(Chess.Game.Color,Chess.Game.IClock,System.String)
FNDA:449,System.Void Chess.Game.Player::.ctor(Chess.Game.Color,Chess.Game.IClock,System.String)
DA:7,449
DA:8,449
DA:9,449
DA:10,449
DA:11,449
DA:12,449
LF:18
LH:18
BRF:0
BRH:0
FNF:7
FNH:7
end_of_record
SF:/Code/Chess/src/Chess.Game/Players/TimerWrapper.cs
FN:15,System.Void Chess.Game.TimerWrapper::Start()
FNDA:33,System.Void Chess.Game.TimerWrapper::Start()
DA:16,33
DA:17,33
DA:18,33
FN:20,System.Void Chess.Game.TimerWrapper::Stop()
FNDA:19,System.Void Chess.Game.TimerWrapper::Stop()
DA:21,19
DA:22,19
DA:23,19
FN:26,System.Void Chess.Game.TimerWrapper::Dispose()
FNDA:12,System.Void Chess.Game.TimerWrapper::Dispose()
DA:27,12
DA:28,12
DA:29,12
FN:8,System.Void Chess.Game.TimerWrapper::.ctor()
FNDA:444,System.Void Chess.Game.TimerWrapper::.ctor()
DA:9,444
DA:10,444
DA:11,444
DA:12,444
DA:13,444
LF:14
LH:14
BRF:0
BRH:0
FNF:4
FNH:4
end_of_record
SF:/Code/Chess/src/Chess.Game/Players/WhitePlayer.cs
FN:9,System.Boolean Chess.Game.WhitePlayer::get_IsEmpty()
FNDA:447,System.Boolean Chess.Game.WhitePlayer::get_IsEmpty()
DA:10,447
FN:5,System.Void Chess.Game.WhitePlayer::.ctor(Chess.Game.IClock,System.String)
FNDA:224,System.Void Chess.Game.WhitePlayer::.ctor(Chess.Game.IClock,System.String)
DA:6,224
DA:7,224
DA:8,224
FN:21,Chess.Game.EmptyWhitePlayer Chess.Game.EmptyWhitePlayer::get_WhitePlayer()
FNDA:444,Chess.Game.EmptyWhitePlayer Chess.Game.EmptyWhitePlayer::get_WhitePlayer()
DA:22,444
FN:22,System.Boolean Chess.Game.EmptyWhitePlayer::get_IsReady()
FNDA:0,System.Boolean Chess.Game.EmptyWhitePlayer::get_IsReady()
DA:23,0
FN:17,System.Void Chess.Game.EmptyWhitePlayer::.ctor()
FNDA:1,System.Void Chess.Game.EmptyWhitePlayer::.ctor()
DA:18,1
DA:19,1
DA:20,1
FN:14,System.Void Chess.Game.EmptyWhitePlayer::.cctor()
FNDA:1,System.Void Chess.Game.EmptyWhitePlayer::.cctor()
DA:15,1
LF:10
LH:9
BRF:0
BRH:0
FNF:6
FNH:5
end_of_record
SF:/Code/Chess/src/Chess.Game/SessionItems/EmptySession.cs
FN:11,Chess.Game.EmptySession Chess.Game.EmptySession::get_Session()
FNDA:2,Chess.Game.EmptySession Chess.Game.EmptySession::get_Session()
DA:12,2
FN:7,System.Void Chess.Game.EmptySession::.ctor()
FNDA:1,System.Void Chess.Game.EmptySession::.ctor()
DA:8,1
DA:9,1
DA:10,1
FN:4,System.Void Chess.Game.EmptySession::.cctor()
FNDA:1,System.Void Chess.Game.EmptySession::.cctor()
DA:5,1
LF:5
LH:5
BRF:0
BRH:0
FNF:3
FNH:3
end_of_record
SF:/Code/Chess/src/Chess.Game/SessionItems/EmptySessionPlayers.cs
FN:11,Chess.Game.EmptySessionPlayers Chess.Game.EmptySessionPlayers::get_SessionPlayers()
FNDA:1,Chess.Game.EmptySessionPlayers Chess.Game.EmptySessionPlayers::get_SessionPlayers()
DA:12,1
FN:7,System.Void Chess.Game.EmptySessionPlayers::.ctor()
FNDA:1,System.Void Chess.Game.EmptySessionPlayers::.ctor()
DA:8,1
DA:9,1
DA:10,1
FN:4,System.Void Chess.Game.EmptySessionPlayers::.cctor()
FNDA:1,System.Void Chess.Game.EmptySessionPlayers::.cctor()
DA:5,1
LF:5
LH:5
BRF:0
BRH:0
FNF:3
FNH:3
end_of_record
SF:/Code/Chess/src/Chess.Game/SessionItems/Session.cs
FN:17,System.Boolean Chess.Game.Session::get_IsComplete()
FNDA:1,System.Boolean Chess.Game.Session::get_IsComplete()
DA:18,1
FN:18,System.Collections.Generic.IEnumerable`1<Chess.Game.Move> Chess.Game.Session::get_MoveHistory()
FNDA:2,System.Collections.Generic.IEnumerable`1<Chess.Game.Move> Chess.Game.Session::get_MoveHistory()
DA:19,2
FN:19,Chess.Game.WhitePlayer Chess.Game.Session::get_WhitePlayer()
FNDA:58,Chess.Game.WhitePlayer Chess.Game.Session::get_WhitePlayer()
DA:20,58
FN:20,Chess.Game.BlackPlayer Chess.Game.Session::get_BlackPlayer()
FNDA:203,Chess.Game.BlackPlayer Chess.Game.Session::get_BlackPlayer()
DA:21,203
FN:21,Chess.Game.Winner Chess.Game.Session::get_Winner()
FNDA:1,Chess.Game.Winner Chess.Game.Session::get_Winner()
DA:22,1
FN:22,Chess.Game.Color Chess.Game.Session::get_PlayTurn()
FNDA:170,Chess.Game.Color Chess.Game.Session::get_PlayTurn()
DA:23,170
FN:23,Chess.Game.SessionState Chess.Game.Session::get_CurrentState()
FNDA:2,Chess.Game.SessionState Chess.Game.Session::get_CurrentState()
DA:24,2
FN:25,Chess.Game.Player Chess.Game.Session::get_CurrentPlayer()
FNDA:209,Chess.Game.Player Chess.Game.Session::get_CurrentPlayer()
DA:26,209
DA:27,209
DA:28,209
BRDA:26,17,0,198
BRDA:26,17,1,11
FN:29,Chess.Game.Player Chess.Game.Session::get_WaitingPlayer()
FNDA:19,Chess.Game.Player Chess.Game.Session::get_WaitingPlayer()
DA:30,19
DA:31,19
DA:32,19
BRDA:30,12,0,14
BRDA:30,12,1,5
FN:34,System.Void Chess.Game.Session::Start()
FNDA:14,System.Void Chess.Game.Session::Start()
DA:35,14
DA:36,14
DA:37,14
FN:39,System.Void Chess.Game.Session::Next(Chess.Game.Move)
FNDA:29,System.Void Chess.Game.Session::Next(Chess.Game.Move)
DA:40,29
DA:41,29
DA:42,11
DA:44,18
DA:45,18
DA:46,18
DA:47,18
DA:48,29
BRDA:41,12,1,18
BRDA:41,12,0,29
FN:50,Chess.Game.Move Chess.Game.Session::Back()
FNDA:1,Chess.Game.Move Chess.Game.Session::Back()
DA:51,1
DA:52,1
DA:53,0
DA:55,1
DA:56,1
DA:57,1
DA:58,1
DA:59,1
DA:60,1
BRDA:52,17,0,0
BRDA:52,17,1,1
FN:62,System.Void Chess.Game.Session::AddMoveEventCallback(System.Action`1<Chess.Game.Move>)
FNDA:1,System.Void Chess.Game.Session::AddMoveEventCallback(System.Action`1<Chess.Game.Move>)
DA:63,1
DA:64,1
DA:65,1
FN:67,System.Void Chess.Game.Session::RegisterBlackPlayer(Chess.Game.BlackPlayer)
FNDA:2,System.Void Chess.Game.Session::RegisterBlackPlayer(Chess.Game.BlackPlayer)
DA:68,2
DA:69,2
DA:70,2
DA:71,2
FN:73,System.Void Chess.Game.Session::RegisterWhitePlayer(Chess.Game.WhitePlayer)
FNDA:2,System.Void Chess.Game.Session::RegisterWhitePlayer(Chess.Game.WhitePlayer)
DA:74,2
DA:75,2
DA:76,2
DA:77,2
FN:79,System.Void Chess.Game.Session::SetBlackPlayerReady()
FNDA:2,System.Void Chess.Game.Session::SetBlackPlayerReady()
DA:80,2
DA:81,2
DA:82,2
DA:83,2
FN:85,System.Void Chess.Game.Session::SetWhitePlayerReady()
FNDA:3,System.Void Chess.Game.Session::SetWhitePlayerReady()
DA:86,3
DA:87,3
DA:88,2
DA:89,2
FN:91,System.Void Chess.Game.Session::SwitchTurns()
FNDA:19,System.Void Chess.Game.Session::SwitchTurns()
DA:92,19
DA:93,19
DA:94,19
DA:95,19
FN:4,System.Void Chess.Game.Session::.ctor(Chess.Game.SessionPlayers,Chess.Game.SessionPlayerRegistrar,Chess.Game.SessionStateMachine)
FNDA:218,System.Void Chess.Game.Session::.ctor(Chess.Game.SessionPlayers,Chess.Game.SessionPlayerRegistrar,Chess.Game.SessionStateMachine)
DA:5,218
DA:6,218
DA:11,218
DA:12,218
DA:13,218
DA:14,218
DA:15,218
DA:16,218
LF:64
LH:63
BRF:8
BRH:7
FNF:19
FNH:19
end_of_record
SF:/Code/Chess/src/Chess.Game/SessionItems/SessionPlayerRegistrar.cs
FN:5,Chess.Game.WhitePlayer Chess.Game.SessionPlayerRegistrar::get_WhitePlayer()
FNDA:1186,Chess.Game.WhitePlayer Chess.Game.SessionPlayerRegistrar::get_WhitePlayer()
DA:6,1186
FN:6,Chess.Game.BlackPlayer Chess.Game.SessionPlayerRegistrar::get_BlackPlayer()
FNDA:1113,Chess.Game.BlackPlayer Chess.Game.SessionPlayerRegistrar::get_BlackPlayer()
DA:7,1113
FN:9,System.Void Chess.Game.SessionPlayerRegistrar::RegisterBlackPlayer(Chess.Game.BlackPlayer)
FNDA:222,System.Void Chess.Game.SessionPlayerRegistrar::RegisterBlackPlayer(Chess.Game.BlackPlayer)
DA:10,222
DA:11,222
DA:13,222
DA:14,9
DA:15,222
BRDA:13,17,0,9
BRDA:13,17,1,222
FN:17,System.Void Chess.Game.SessionPlayerRegistrar::RegisterWhitePlayer(Chess.Game.WhitePlayer)
FNDA:222,System.Void Chess.Game.SessionPlayerRegistrar::RegisterWhitePlayer(Chess.Game.WhitePlayer)
DA:18,222
DA:19,222
DA:21,222
DA:22,212
DA:23,222
BRDA:21,17,0,212
BRDA:21,17,1,222
FN:25,System.Void Chess.Game.SessionPlayerRegistrar::AddPlayersRegisteredEventCallback(System.Action`1<Chess.Game.SessionPlayerRegistrar>)
FNDA:1,System.Void Chess.Game.SessionPlayerRegistrar::AddPlayersRegisteredEventCallback(System.Action`1<Chess.Game.SessionPlayerRegistrar>)
DA:26,1
DA:27,1
DA:28,1
FN:29,System.Boolean Chess.Game.SessionPlayerRegistrar::get_AllPlayersRegistered()
FNDA:447,System.Boolean Chess.Game.SessionPlayerRegistrar::get_AllPlayersRegistered()
DA:30,447
BRDA:30,11,0,233
BRDA:30,11,1,214
FN:4,System.Void Chess.Game.SessionPlayerRegistrar::.ctor()
FNDA:444,System.Void Chess.Game.SessionPlayerRegistrar::.ctor()
DA:5,444
LF:17
LH:17
BRF:6
BRH:6
FNF:7
FNH:7
end_of_record
SF:/Code/Chess/src/Chess.Game/SessionItems/SessionPlayers.cs
FN:12,Chess.Game.WhitePlayer Chess.Game.SessionPlayers::get_WhitePlayer()
FNDA:73,Chess.Game.WhitePlayer Chess.Game.SessionPlayers::get_WhitePlayer()
DA:13,73
FN:13,Chess.Game.BlackPlayer Chess.Game.SessionPlayers::get_BlackPlayer()
FNDA:214,Chess.Game.BlackPlayer Chess.Game.SessionPlayers::get_BlackPlayer()
DA:14,214
FN:16,System.Void Chess.Game.SessionPlayers::SetWhitePlayerReady()
FNDA:4,System.Void Chess.Game.SessionPlayers::SetWhitePlayerReady()
DA:17,4
DA:18,4
DA:20,4
DA:21,2
DA:22,4
BRDA:20,21,0,2
BRDA:20,21,1,4
FN:24,System.Void Chess.Game.SessionPlayers::SetBlackPlayerReady()
FNDA:4,System.Void Chess.Game.SessionPlayers::SetBlackPlayerReady()
DA:25,4
DA:26,4
DA:28,4
DA:29,1
DA:30,4
BRDA:28,21,0,1
BRDA:28,21,1,4
FN:32,System.Void Chess.Game.SessionPlayers::AddPlayersReadyEventCallback(System.Action`1<Chess.Game.SessionPlayers>)
FNDA:1,System.Void Chess.Game.SessionPlayers::AddPlayersReadyEventCallback(System.Action`1<Chess.Game.SessionPlayers>)
DA:33,1
DA:34,1
DA:35,1
FN:36,System.Boolean Chess.Game.SessionPlayers::get_IsReady()
FNDA:3,System.Boolean Chess.Game.SessionPlayers::get_IsReady()
DA:37,3
FN:38,System.Boolean Chess.Game.SessionPlayers::get_AllPlayersReady()
FNDA:11,System.Boolean Chess.Game.SessionPlayers::get_AllPlayersReady()
DA:39,11
BRDA:39,11,0,7
BRDA:39,11,1,4
FN:4,System.Void Chess.Game.SessionPlayers::.ctor(Chess.Game.SessionPlayerRegistrar)
FNDA:222,System.Void Chess.Game.SessionPlayers::.ctor(Chess.Game.SessionPlayerRegistrar)
DA:5,222
DA:8,222
DA:9,222
DA:10,222
DA:11,222
LF:22
LH:22
BRF:6
BRH:6
FNF:8
FNH:8
end_of_record
SF:/Code/Chess/src/Chess.Game/SessionItems/StateMachine/InvalidMoveSessionStateTransitionException.cs
FN:6,System.Void Chess.Game.InvalidMoveSessionStateTransitionException::.ctor(Chess.Game.SessionState)
FNDA:0,System.Void Chess.Game.InvalidMoveSessionStateTransitionException::.ctor(Chess.Game.SessionState)
DA:7,0
DA:8,0
DA:10,0
LF:3
LH:0
BRF:0
BRH:0
FNF:1
FNH:0
end_of_record
SF:/Code/Chess/src/Chess.Game/SessionItems/StateMachine/InvalidSessionStateTransitionException.cs
FN:6,System.Void Chess.Game.InvalidSessionStateTransitionException::.ctor(Chess.Game.SessionState,Chess.Game.SessionStateTransitionCommand)
FNDA:2,System.Void Chess.Game.InvalidSessionStateTransitionException::.ctor(Chess.Game.SessionState,Chess.Game.SessionStateTransitionCommand)
DA:7,2
DA:8,2
DA:10,2
LF:3
LH:3
BRF:0
BRH:0
FNF:1
FNH:1
end_of_record
SF:/Code/Chess/src/Chess.Game/SessionItems/StateMachine/SessionState.cs
FN:7,Chess.Game.SessionState Chess.Game.SessionState::MoveNext(Chess.Game.SessionStateTransitionCommand)
FNDA:8,Chess.Game.SessionState Chess.Game.SessionState::MoveNext(Chess.Game.SessionStateTransitionCommand)
DA:8,8
DA:9,8
DA:10,6
FN:12,Chess.Game.SessionState Chess.Game.SessionState::GetNext(Chess.Game.SessionStateTransitionCommand)
FNDA:8,Chess.Game.SessionState Chess.Game.SessionState::GetNext(Chess.Game.SessionStateTransitionCommand)
DA:13,8
DA:14,8
DA:15,2
DA:16,6
DA:17,6
BRDA:14,20,0,2
BRDA:14,20,1,6
LF:8
LH:8
BRF:2
BRH:2
FNF:2
FNH:2
end_of_record
SF:/Code/Chess/src/Chess.Game/SessionItems/StateMachine/SessionStateBlackMove.cs
FN:4,System.Collections.Generic.Dictionary`2<Chess.Game.SessionStateTransitionCommand,Chess.Game.SessionState> Chess.Game.SessionStateBlackMove::get_transitions()
FNDA:1,System.Collections.Generic.Dictionary`2<Chess.Game.SessionStateTransitionCommand,Chess.Game.SessionState> Chess.Game.SessionStateBlackMove::get_transitions()
DA:5,1
DA:6,1
DA:7,1
DA:8,1
DA:9,1
LF:5
LH:5
BRF:0
BRH:0
FNF:1
FNH:1
end_of_record
SF:/Code/Chess/src/Chess.Game/SessionItems/StateMachine/SessionStateGettingReady.cs
FN:6,System.Collections.Generic.Dictionary`2<Chess.Game.SessionStateTransitionCommand,Chess.Game.SessionState> Chess.Game.SessionStateGettingReady::get_transitions()
FNDA:2,System.Collections.Generic.Dictionary`2<Chess.Game.SessionStateTransitionCommand,Chess.Game.SessionState> Chess.Game.SessionStateGettingReady::get_transitions()
DA:7,2
DA:8,2
DA:9,2
DA:10,2
DA:11,2
DA:12,2
FN:14,Chess.Game.SessionState Chess.Game.SessionStateGettingReady::MoveNext(Chess.Game.SessionStateTransitionCommand)
FNDA:4,Chess.Game.SessionState Chess.Game.SessionStateGettingReady::MoveNext(Chess.Game.SessionStateTransitionCommand)
DA:15,4
DA:16,4
DA:17,2
DA:18,4
DA:19,2
DA:21,4
DA:22,2
DA:24,2
DA:25,4
BRDA:16,7,0,2
BRDA:16,7,1,4
BRDA:18,22,0,2
BRDA:18,22,1,4
BRDA:21,37,0,4
BRDA:21,37,1,0
BRDA:21,50,0,2
BRDA:21,50,1,2
LF:15
LH:15
BRF:8
BRH:7
FNF:2
FNH:2
end_of_record
SF:/Code/Chess/src/Chess.Game/SessionItems/StateMachine/SessionStateMachine.cs
FN:4,Chess.Game.SessionState Chess.Game.SessionStateMachine::get_CurrentState()
FNDA:267,Chess.Game.SessionState Chess.Game.SessionStateMachine::get_CurrentState()
DA:5,267
FN:7,Chess.Game.SessionState Chess.Game.SessionStateMachine::SetWhiteReady()
FNDA:4,Chess.Game.SessionState Chess.Game.SessionStateMachine::SetWhiteReady()
DA:8,4
DA:9,4
DA:10,2
DA:11,2
FN:13,Chess.Game.SessionState Chess.Game.SessionStateMachine::SetBlackReady()
FNDA:2,Chess.Game.SessionState Chess.Game.SessionStateMachine::SetBlackReady()
DA:14,2
DA:15,2
DA:16,2
DA:17,2
FN:19,Chess.Game.SessionState Chess.Game.SessionStateMachine::RegisterBlack()
FNDA:2,Chess.Game.SessionState Chess.Game.SessionStateMachine::RegisterBlack()
DA:20,2
DA:21,2
DA:22,2
DA:23,2
FN:25,Chess.Game.SessionState Chess.Game.SessionStateMachine::RegisterWhite()
FNDA:2,Chess.Game.SessionState Chess.Game.SessionStateMachine::RegisterWhite()
DA:26,2
DA:27,2
DA:28,2
DA:29,2
FN:31,Chess.Game.SessionState Chess.Game.SessionStateMachine::Move()
FNDA:2,Chess.Game.SessionState Chess.Game.SessionStateMachine::Move()
DA:32,2
DA:33,2
DA:34,0
DA:36,2
DA:37,2
DA:38,2
DA:39,2
BRDA:33,12,0,1
BRDA:33,12,1,1
BRDA:33,36,0,0
BRDA:33,36,1,2
BRDA:36,61,0,1
BRDA:36,61,1,1
FN:41,Chess.Game.SessionState Chess.Game.SessionStateMachine::Back()
FNDA:0,Chess.Game.SessionState Chess.Game.SessionStateMachine::Back()
DA:42,0
DA:43,0
DA:44,0
FN:46,Chess.Game.SessionState Chess.Game.SessionStateMachine::Exit()
FNDA:0,Chess.Game.SessionState Chess.Game.SessionStateMachine::Exit()
DA:47,0
DA:48,0
DA:49,0
DA:50,0
FN:52,Chess.Game.SessionState Chess.Game.SessionStateMachine::MoveBlack()
FNDA:1,Chess.Game.SessionState Chess.Game.SessionStateMachine::MoveBlack()
DA:53,1
DA:54,1
DA:55,1
DA:56,1
FN:58,Chess.Game.SessionState Chess.Game.SessionStateMachine::MoveWhite()
FNDA:1,Chess.Game.SessionState Chess.Game.SessionStateMachine::MoveWhite()
DA:59,1
DA:60,1
DA:61,1
DA:62,1
LF:39
LH:31
BRF:6
BRH:5
FNF:10
FNH:8
end_of_record
SF:/Code/Chess/src/Chess.Game/SessionItems/StateMachine/SessionStateQuitted.cs
FN:4,System.Collections.Generic.Dictionary`2<Chess.Game.SessionStateTransitionCommand,Chess.Game.SessionState> Chess.Game.SessionStateQuitted::get_transitions()
FNDA:0,System.Collections.Generic.Dictionary`2<Chess.Game.SessionStateTransitionCommand,Chess.Game.SessionState> Chess.Game.SessionStateQuitted::get_transitions()
DA:5,0
DA:6,0
DA:7,0
DA:8,0
LF:4
LH:0
BRF:0
BRH:0
FNF:1
FNH:0
end_of_record
SF:/Code/Chess/src/Chess.Game/SessionItems/StateMachine/SessionStateRegistration.cs
FN:6,System.Collections.Generic.Dictionary`2<Chess.Game.SessionStateTransitionCommand,Chess.Game.SessionState> Chess.Game.SessionStateRegistration::get_transitions()
FNDA:4,System.Collections.Generic.Dictionary`2<Chess.Game.SessionStateTransitionCommand,Chess.Game.SessionState> Chess.Game.SessionStateRegistration::get_transitions()
DA:7,4
DA:8,4
DA:9,4
DA:10,4
DA:11,4
DA:12,4
FN:14,Chess.Game.SessionState Chess.Game.SessionStateRegistration::MoveNext(Chess.Game.SessionStateTransitionCommand)
FNDA:6,Chess.Game.SessionState Chess.Game.SessionStateRegistration::MoveNext(Chess.Game.SessionStateTransitionCommand)
DA:15,6
DA:16,6
DA:17,2
DA:18,6
DA:19,2
DA:21,6
DA:22,2
DA:24,4
DA:25,4
BRDA:16,7,0,2
BRDA:16,7,1,6
BRDA:18,22,0,2
BRDA:18,22,1,6
BRDA:21,37,0,4
BRDA:21,37,1,2
BRDA:21,50,0,2
BRDA:21,50,1,4
LF:15
LH:15
BRF:8
BRH:8
FNF:2
FNH:2
end_of_record
SF:/Code/Chess/src/Chess.Game/SessionItems/StateMachine/SessionStateWhiteMove.cs
FN:4,System.Collections.Generic.Dictionary`2<Chess.Game.SessionStateTransitionCommand,Chess.Game.SessionState> Chess.Game.SessionStateWhiteMove::get_transitions()
FNDA:1,System.Collections.Generic.Dictionary`2<Chess.Game.SessionStateTransitionCommand,Chess.Game.SessionState> Chess.Game.SessionStateWhiteMove::get_transitions()
DA:5,1
DA:6,1
DA:7,1
DA:8,1
DA:9,1
LF:5
LH:5
BRF:0
BRH:0
FNF:1
FNH:1
end_of_record
SF:/Code/Chess/src/Chess.Game/Winner.cs
FN:4,System.Void Chess.Game.Winner::.ctor()
FNDA:1,System.Void Chess.Game.Winner::.ctor()
DA:5,1
DA:6,1
DA:8,1
LF:3
LH:3
BRF:0
BRH:0
FNF:1
FNH:1
end_of_record